  Source.cpp
  Mat.cpp
c:\users\yotam\documents\xai\section 0\neuronlib\neuronlib\mat.cpp(147): warning C4244: 'return': conversion from 'float' to 'int', possible loss of data
c:\program files (x86)\microsoft visual studio\2017\community\vc\tools\msvc\14.10.25017\include\type_traits(1650): warning C4244: 'argument': conversion from 'int' to 'float', possible loss of data
  c:\program files (x86)\microsoft visual studio\2017\community\vc\tools\msvc\14.10.25017\include\type_traits(1689): note: see reference to class template instantiation 'std::_Is_callable2<false,true,_Rx,_Fx,float,int,int>' being compiled
          with
          [
              _Rx=float,
              _Fx=Mat::+::<lambda_c57a981ff203fc6370fa50d95035cfc4> &
          ]
  c:\program files (x86)\microsoft visual studio\2017\community\vc\tools\msvc\14.10.25017\include\functional(288): note: see reference to class template instantiation 'std::_Is_callable1<void,_Ret,_Fx,float,int,int>' being compiled
          with
          [
              _Ret=float,
              _Fx=Mat::+::<lambda_c57a981ff203fc6370fa50d95035cfc4> &
          ]
  c:\program files (x86)\microsoft visual studio\2017\community\vc\tools\msvc\14.10.25017\include\functional(489): note: see reference to alias template instantiation '_Enable_if_callable_t<Mat::+::<lambda_c57a981ff203fc6370fa50d95035cfc4>&>' being compiled
c:\users\yotam\documents\xai\section 0\neuronlib\neuronlib\mat.cpp(157): warning C4244: 'return': conversion from 'float' to 'int', possible loss of data
c:\users\yotam\documents\xai\section 0\neuronlib\neuronlib\mat.cpp(165): warning C4244: 'return': conversion from 'float' to 'int', possible loss of data
c:\program files (x86)\microsoft visual studio\2017\community\vc\tools\msvc\14.10.25017\include\type_traits(1569): warning C4244: 'return': conversion from 'int' to 'float', possible loss of data
  c:\program files (x86)\microsoft visual studio\2017\community\vc\tools\msvc\14.10.25017\include\functional(211): note: see reference to function template instantiation '_Rx std::_Invoker_ret<_Rx,false>::_Call<_Callable&,_Ty,int,int>(_Callable &,_Ty &&,int &&,int &&)' being compiled
          with
          [
              _Rx=float,
              _Callable=_Decayed,
              _Ty=float
          ]
  c:\program files (x86)\microsoft visual studio\2017\community\vc\tools\msvc\14.10.25017\include\functional(211): note: see reference to function template instantiation '_Rx std::_Invoker_ret<_Rx,false>::_Call<_Callable&,_Ty,int,int>(_Callable &,_Ty &&,int &&,int &&)' being compiled
          with
          [
              _Rx=float,
              _Callable=_Decayed,
              _Ty=float
          ]
  c:\program files (x86)\microsoft visual studio\2017\community\vc\tools\msvc\14.10.25017\include\functional(210): note: while compiling class template member function 'float std::_Func_impl<_Decayed,_Alloc,_Ret,float,int,int>::_Do_call(float &&,int &&,int &&)'
          with
          [
              _Alloc=std::allocator<int>,
              _Ret=float
          ]
  c:\program files (x86)\microsoft visual studio\2017\community\vc\tools\msvc\14.10.25017\include\functional(136): note: see reference to class template instantiation 'std::_Func_impl<_Decayed,_Alloc,_Ret,float,int,int>' being compiled
          with
          [
              _Alloc=std::allocator<int>,
              _Ret=float
          ]
  c:\program files (x86)\microsoft visual studio\2017\community\vc\tools\msvc\14.10.25017\include\functional(343): note: see reference to class template instantiation 'std::_Is_large<_Myimpl>' being compiled
  c:\program files (x86)\microsoft visual studio\2017\community\vc\tools\msvc\14.10.25017\include\functional(322): note: see reference to function template instantiation 'void std::_Func_class<_Ret,float,int,int>::_Reset_alloc<_Ty,std::allocator<int>>(_Fx &&,const _Alloc &)' being compiled
          with
          [
              _Ret=float,
              _Ty=Mat::-::<lambda_ca1c4e9405f5806a933b99ff9fda85c4>,
              _Fx=Mat::-::<lambda_ca1c4e9405f5806a933b99ff9fda85c4>,
              _Alloc=std::allocator<int>
          ]
  c:\program files (x86)\microsoft visual studio\2017\community\vc\tools\msvc\14.10.25017\include\functional(322): note: see reference to function template instantiation 'void std::_Func_class<_Ret,float,int,int>::_Reset_alloc<_Ty,std::allocator<int>>(_Fx &&,const _Alloc &)' being compiled
          with
          [
              _Ret=float,
              _Ty=Mat::-::<lambda_ca1c4e9405f5806a933b99ff9fda85c4>,
              _Fx=Mat::-::<lambda_ca1c4e9405f5806a933b99ff9fda85c4>,
              _Alloc=std::allocator<int>
          ]
  c:\program files (x86)\microsoft visual studio\2017\community\vc\tools\msvc\14.10.25017\include\functional(492): note: see reference to function template instantiation 'void std::_Func_class<_Ret,float,int,int>::_Reset<Mat::-::<lambda_ca1c4e9405f5806a933b99ff9fda85c4>>(_Fx &&)' being compiled
          with
          [
              _Ret=float,
              _Fx=Mat::-::<lambda_ca1c4e9405f5806a933b99ff9fda85c4>
          ]
  c:\program files (x86)\microsoft visual studio\2017\community\vc\tools\msvc\14.10.25017\include\functional(492): note: see reference to function template instantiation 'void std::_Func_class<_Ret,float,int,int>::_Reset<Mat::-::<lambda_ca1c4e9405f5806a933b99ff9fda85c4>>(_Fx &&)' being compiled
          with
          [
              _Ret=float,
              _Fx=Mat::-::<lambda_ca1c4e9405f5806a933b99ff9fda85c4>
          ]
  c:\users\yotam\documents\xai\section 0\neuronlib\neuronlib\mat.cpp(166): note: see reference to function template instantiation 'std::function<float (float,int,int)>::function<Mat::-::<lambda_ca1c4e9405f5806a933b99ff9fda85c4>,void>(_Fx)' being compiled
          with
          [
              _Fx=Mat::-::<lambda_ca1c4e9405f5806a933b99ff9fda85c4>
          ]
  c:\users\yotam\documents\xai\section 0\neuronlib\neuronlib\mat.cpp(164): note: see reference to function template instantiation 'std::function<float (float,int,int)>::function<Mat::-::<lambda_ca1c4e9405f5806a933b99ff9fda85c4>,void>(_Fx)' being compiled
          with
          [
              _Fx=Mat::-::<lambda_ca1c4e9405f5806a933b99ff9fda85c4>
          ]
  Generating Code...
  NeuronLib.vcxproj -> C:\Users\yotam\Documents\xAI\Section 0\NeuronLib\Debug\NeuronLib.exe
  NeuronLib.vcxproj -> C:\Users\yotam\Documents\xAI\Section 0\NeuronLib\Debug\NeuronLib.pdb (Partial PDB)
